Traceback (most recent call last):
  File "/opt/hostedtoolcache/Python/3.14.3/x64/lib/python3.14/site-packages/jupyter_cache/executors/utils.py", line 58, in single_nb_execution
    executenb(
    ~~~~~~~~~^
        nb,
        ^^^
    ...<4 lines>...
        **kwargs,
        ^^^^^^^^^
    )
    ^
  File "/opt/hostedtoolcache/Python/3.14.3/x64/lib/python3.14/site-packages/nbclient/client.py", line 1323, in execute
    return NotebookClient(nb=nb, resources=resources, km=km, **kwargs).execute()
           ~~~~~~~~~~~~~~~~~~~~~~~~~~~~~~~~~~~~~~~~~~~~~~~~~~~~~~~~~~~~~~~~~~~^^
  File "/opt/hostedtoolcache/Python/3.14.3/x64/lib/python3.14/site-packages/jupyter_core/utils/__init__.py", line 165, in wrapped
    return loop.run_until_complete(inner)
           ~~~~~~~~~~~~~~~~~~~~~~~^^^^^^^
  File "/opt/hostedtoolcache/Python/3.14.3/x64/lib/python3.14/asyncio/base_events.py", line 719, in run_until_complete
    return future.result()
           ~~~~~~~~~~~~~^^
  File "/opt/hostedtoolcache/Python/3.14.3/x64/lib/python3.14/site-packages/nbclient/client.py", line 709, in async_execute
    await self.async_execute_cell(
        cell, index, execution_count=self.code_cells_executed + 1
    )
  File "/opt/hostedtoolcache/Python/3.14.3/x64/lib/python3.14/site-packages/nbclient/client.py", line 1062, in async_execute_cell
    await self._check_raise_for_error(cell, cell_index, exec_reply)
  File "/opt/hostedtoolcache/Python/3.14.3/x64/lib/python3.14/site-packages/nbclient/client.py", line 918, in _check_raise_for_error
    raise CellExecutionError.from_cell_and_msg(cell, exec_reply_content)
nbclient.exceptions.CellExecutionError: An error occurred while executing the following cell:
------------------
# Now we calculate a grid of FLORIS solutions. Since our estimated SCADA
# data changes as we shift its wind direction, the predicted solutions
# according to FLORIS will also change. Therefore, we precalculate a grid
# of FLORIS solutions and insert that into the bias estimation class.
fm, turbine_weights = load_floris()

# Grab the precalculated FLORIS model solutions from the 'setup_floris_model' directory
root_path = os.getcwd()
fn_approx = os.path.join(root_path, "..", "00_setup_floris_model", "df_fm_approx_gch.ftr")
if os.path.exists(fn_approx):
    df_fm_approx = pd.read_feather(fn_approx)
else:
    raise UserWarning(
        "Please run '00_setup_floris_model/02_precalculate_floris_solutions.py' "
        "for the appropriate wake models first."
    )
------------------


[31m---------------------------------------------------------------------------[39m
[31mUserWarning[39m                               Traceback (most recent call last)
[36mCell[39m[36m [39m[32mIn[4][39m[32m, line 13[39m
[32m     11[39m     df_fm_approx = pd.read_feather(fn_approx)
[32m     12[39m [38;5;28;01melse[39;00m:
[32m---> [39m[32m13[39m     [38;5;28;01mraise[39;00m [38;5;167;01mUserWarning[39;00m(
[32m     14[39m         [33m"[39m[33mPlease run [39m[33m'[39m[33m00_setup_floris_model/02_precalculate_floris_solutions.py[39m[33m'[39m[33m [39m[33m"[39m
[32m     15[39m         [33m"[39m[33mfor the appropriate wake models first.[39m[33m"[39m
[32m     16[39m     )

[31mUserWarning[39m: Please run '00_setup_floris_model/02_precalculate_floris_solutions.py' for the appropriate wake models first.

