Traceback (most recent call last):
  File "/opt/hostedtoolcache/Python/3.14.3/x64/lib/python3.14/site-packages/jupyter_cache/executors/utils.py", line 58, in single_nb_execution
    executenb(
    ~~~~~~~~~^
        nb,
        ^^^
    ...<4 lines>...
        **kwargs,
        ^^^^^^^^^
    )
    ^
  File "/opt/hostedtoolcache/Python/3.14.3/x64/lib/python3.14/site-packages/nbclient/client.py", line 1323, in execute
    return NotebookClient(nb=nb, resources=resources, km=km, **kwargs).execute()
           ~~~~~~~~~~~~~~~~~~~~~~~~~~~~~~~~~~~~~~~~~~~~~~~~~~~~~~~~~~~~~~~~~~~^^
  File "/opt/hostedtoolcache/Python/3.14.3/x64/lib/python3.14/site-packages/jupyter_core/utils/__init__.py", line 165, in wrapped
    return loop.run_until_complete(inner)
           ~~~~~~~~~~~~~~~~~~~~~~~^^^^^^^
  File "/opt/hostedtoolcache/Python/3.14.3/x64/lib/python3.14/asyncio/base_events.py", line 719, in run_until_complete
    return future.result()
           ~~~~~~~~~~~~~^^
  File "/opt/hostedtoolcache/Python/3.14.3/x64/lib/python3.14/site-packages/nbclient/client.py", line 709, in async_execute
    await self.async_execute_cell(
        cell, index, execution_count=self.code_cells_executed + 1
    )
  File "/opt/hostedtoolcache/Python/3.14.3/x64/lib/python3.14/site-packages/nbclient/client.py", line 1062, in async_execute_cell
    await self._check_raise_for_error(cell, cell_index, exec_reply)
  File "/opt/hostedtoolcache/Python/3.14.3/x64/lib/python3.14/site-packages/nbclient/client.py", line 918, in _check_raise_for_error
    raise CellExecutionError.from_cell_and_msg(cell, exec_reply_content)
nbclient.exceptions.CellExecutionError: An error occurred while executing the following cell:
------------------
## Declare an instance of FlascDataFrame
fdf = FlascDataFrame(df, name_map=name_map)

fdf.head()
------------------


[31m---------------------------------------------------------------------------[39m
[31mTypeError[39m                                 Traceback (most recent call last)
[36mCell[39m[36m [39m[32mIn[5][39m[32m, line 2[39m
[32m      1[39m [38;5;66;03m## Declare an instance of FlascDataFrame[39;00m
[32m----> [39m[32m2[39m fdf = [43mFlascDataFrame[49m[43m([49m[43mdf[49m[43m,[49m[43m [49m[43mname_map[49m[43m=[49m[43mname_map[49m[43m)[49m
[32m      4[39m fdf.head()

[36mFile [39m[32m~/work/flasc/flasc/flasc/flasc_dataframe.py:46[39m, in [36mFlascDataFrame.__init__[39m[34m(self, channel_name_map, long_data_columns, *args, **kwargs)[39m
[32m     33[39m [38;5;28;01mdef[39;00m[38;5;250m [39m[34m__init__[39m([38;5;28mself[39m, *args, channel_name_map=[38;5;28;01mNone[39;00m, long_data_columns=[38;5;28;01mNone[39;00m, **kwargs):
[32m     34[39m [38;5;250m    [39m[33;03m"""Initialize the FlascDataFrame class, a subclass of pandas.DataFrame.[39;00m
[32m     35[39m 
[32m     36[39m [33;03m    Args:[39;00m
[32m   (...)[39m[32m     44[39m [33;03m        **kwargs: keyword arguments to pass to the DataFrame constructor[39;00m
[32m     45[39m [33;03m    """[39;00m
[32m---> [39m[32m46[39m     [38;5;28;43msuper[39;49m[43m([49m[43m)[49m[43m.[49m[34;43m__init__[39;49m[43m([49m[43m*[49m[43margs[49m[43m,[49m[43m [49m[43m*[49m[43m*[49m[43mkwargs[49m[43m)[49m
[32m     48[39m     [38;5;66;03m# check that name_map dictionary is valid[39;00m
[32m     49[39m     [38;5;28;01mif[39;00m channel_name_map [38;5;129;01mis[39;00m [38;5;129;01mnot[39;00m [38;5;28;01mNone[39;00m:

[31mTypeError[39m: DataFrame.__init__() got an unexpected keyword argument 'name_map'

